I0304 13:43:39.666417   47196 database.go:71] Alloted 16MB cache to /Users/gannetson/Library/Ethereum/chaindata
I0304 13:43:39.685494   47196 database.go:71] Alloted 16MB cache to /Users/gannetson/Library/Ethereum/dapp
I0304 13:43:39.688551   47196 backend.go:314] Protocol Versions: [63 62 61], Network Id: 1
I0304 13:43:39.688688   47196 backend.go:362] Blockchain DB Version: 3
I0304 13:43:39.689593   47196 blockchain.go:214] Last header: #1098165 [7d539ef6…] TD=8480714601744531673
I0304 13:43:39.689606   47196 blockchain.go:215] Last block: #1098165 [7d539ef6…] TD=8480714601744531673
I0304 13:43:39.689612   47196 blockchain.go:216] Fast block: #1098165 [7d539ef6…] TD=8480714601744531673
I0304 13:43:39.693689   47196 cmd.go:114] Starting Geth/v1.3.5/darwin/go1.6
I0304 13:43:39.693782   47196 server.go:311] Starting Server
I0304 13:43:41.780979   47196 udp.go:212] Listening, enode://c109387467e1c32d276bb8b92adc3bc6c6ec5289248e5e97a23bc275b2428de8936546698cc984e318be61121a6cb59081c19d951213c2ebe3197f5f6473c2bd@[::]:30303
I0304 13:43:41.781094   47196 backend.go:526] Server started
I0304 13:43:41.781122   47196 server.go:552] Listening on [::]:30303
I0304 13:43:41.781376   47196 ipc.go:112] IPC service started (/Users/gannetson/Library/Ethereum/geth.ipc)
I0304 13:44:31.782756   47196 downloader.go:288] Block synchronisation started
I0304 13:44:33.165522   47196 blockchain.go:1251] imported 1 block(s) (0 queued 0 ignored) including 10 txs in 944.087763ms. #1098166 [c49c3659 / c49c3659]
I0304 13:44:33.190840   47196 blockchain.go:1251] imported 4 block(s) (0 queued 0 ignored) including 9 txs in 25.236316ms. #1098170 [532086b8 / d8c0cc17]
I0304 13:48:52.602511   47196 blockchain.go:1251] imported 3 block(s) (0 queued 0 ignored) including 6 txs in 22.579411ms. #1098173 [ef6249c7 / 1cd63e1c]
I0304 13:48:52.786795   47196 blockchain.go:1251] imported 3 block(s) (0 queued 0 ignored) including 6 txs in 20.296373ms. #1098176 [e1344847 / 92d2c816]
I0304 13:48:52.988056   47196 blockchain.go:1251] imported 1 block(s) (0 queued 0 ignored) including 0 txs in 10.411528ms. #1098177 [1b501203 / 1b501203]
I0304 13:48:53.242112   47196 blockchain.go:1251] imported 3 block(s) (0 queued 0 ignored) including 18 txs in 25.336815ms. #1098180 [b44b4237 / 8cf9be47]
I0304 13:48:53.343149   47196 blockchain.go:1251] imported 2 block(s) (0 queued 0 ignored) including 6 txs in 10.517256ms. #1098182 [062aac16 / d3329dcf]
I0304 13:49:03.993493   47196 blockchain.go:1251] imported 1 block(s) (0 queued 0 ignored) including 2 txs in 9.226208ms. #1098183 [7d3a34a4 / 7d3a34a4]
I0304 13:49:13.047615   47196 blockchain.go:1251] imported 1 block(s) (0 queued 0 ignored) including 1 txs in 3.357862ms. #1098184 [ed397986 / ed397986]
I0304 13:49:13.353239   47196 blockchain.go:1251] imported 1 block(s) (0 queued 0 ignored) including 1 txs in 3.971252ms. #1098184 [a9fe8c98 / a9fe8c98]
I0304 13:49:33.879151   47196 blockchain.go:1251] imported 1 block(s) (0 queued 0 ignored) including 1 txs in 3.433491ms. #1098185 [dc3aca86 / dc3aca86]
I0304 13:50:14.369844   47196 blockchain.go:1251] imported 1 block(s) (0 queued 0 ignored) including 1 txs in 4.477703ms. #1098186 [20d65079 / 20d65079]
I0304 13:50:35.380033   47196 blockchain.go:1251] imported 1 block(s) (0 queued 0 ignored) including 7 txs in 10.583084ms. #1098187 [3d133bb2 / 3d133bb2]
I0304 13:50:36.233283   47196 blockchain.go:690] Chain manager stopped
I0304 13:50:36.233365   47196 handler.go:192] Stopping ethereum protocol handler...
I0304 13:50:36.234505   47196 handler.go:202] Ethereum protocol handler stopped
I0304 13:50:36.235252   47196 tx_pool.go:156] Transaction pool stopped
I0304 13:50:36.235279   47196 backend.go:630] Automatic pregeneration of ethash DAG OFF (ethash dir: /Users/gannetson/.ethash)
I0304 13:50:36.238287   47196 database.go:158] closed db: /Users/gannetson/Library/Ethereum/chaindata
I0304 13:50:36.238826   47196 database.go:158] closed db: /Users/gannetson/Library/Ethereum/dapp
